c:\users\xenon\desktop\steam-hook\xenonk1-steamoverlay\x64\release\vc143.pdb
c:\users\xenon\desktop\steam-hook\xenonk1-steamoverlay\x64\release\imgui_widgets.obj
c:\users\xenon\desktop\steam-hook\xenonk1-steamoverlay\x64\release\imgui_impl_win32.obj
c:\users\xenon\desktop\steam-hook\xenonk1-steamoverlay\x64\release\imgui_impl_dx11.obj
c:\users\xenon\desktop\steam-hook\xenonk1-steamoverlay\x64\release\imgui_draw.obj
c:\users\xenon\desktop\steam-hook\xenonk1-steamoverlay\x64\release\imgui_demo.obj
c:\users\xenon\desktop\steam-hook\xenonk1-steamoverlay\x64\release\imgui.obj
c:\users\xenon\desktop\steam-hook\xenonk1-steamoverlay\x64\release\dllmain.obj
c:\users\xenon\desktop\steam-hook\pluginsxd\d3d10.dll.dll
c:\users\xenon\desktop\steam-hook\pluginsxd\d3d10.dll.pdb
c:\users\xenon\desktop\steam-hook\xenonk1-steamoverlay\x64\release\d3d10.dll.ipdb
c:\users\xenon\desktop\steam-hook\xenonk1-steamoverlay\x64\release\d3d10.dll.iobj
c:\users\xenon\desktop\steam-hook\\pluginsxd\d3d10.dll.pdb
c:\users\xenon\desktop\steam-hook\xenonk1-steamoverlay\x64\release\xenonk1-.7f399988.tlog\cl.command.1.tlog
c:\users\xenon\desktop\steam-hook\xenonk1-steamoverlay\x64\release\xenonk1-.7f399988.tlog\cl.items.tlog
c:\users\xenon\desktop\steam-hook\xenonk1-steamoverlay\x64\release\xenonk1-.7f399988.tlog\cl.read.1.tlog
c:\users\xenon\desktop\steam-hook\xenonk1-steamoverlay\x64\release\xenonk1-.7f399988.tlog\cl.write.1.tlog
c:\users\xenon\desktop\steam-hook\xenonk1-steamoverlay\x64\release\xenonk1-.7f399988.tlog\link.command.1.tlog
c:\users\xenon\desktop\steam-hook\xenonk1-steamoverlay\x64\release\xenonk1-.7f399988.tlog\link.read.1.tlog
c:\users\xenon\desktop\steam-hook\xenonk1-steamoverlay\x64\release\xenonk1-.7f399988.tlog\link.secondary.1.tlog
c:\users\xenon\desktop\steam-hook\xenonk1-steamoverlay\x64\release\xenonk1-.7f399988.tlog\link.write.1.tlog
